<?xml version="1.0" encoding="UTF-8"?>
<testng-results skipped="0" failed="0" ignored="0" total="1" passed="1">
  <reporter-output>
  </reporter-output>
  <suite name="Default suite" duration-ms="748" started-at="2018-05-04T01:44:01Z" finished-at="2018-05-04T01:44:01Z">
    <groups>
    </groups>
    <test name="Default test" duration-ms="748" started-at="2018-05-04T01:44:01Z" finished-at="2018-05-04T01:44:01Z">
      <class name="selenium_notes.JDBCTest">
        <test-method status="PASS" signature="connectToMySQL()[pri:0, instance:selenium_notes.JDBCTest@68c4039c]" name="connectToMySQL" duration-ms="718" started-at="2018-05-04T01:44:01Z" finished-at="2018-05-04T01:44:01Z">
          <reporter-output>
          </reporter-output>
        </test-method> <!-- connectToMySQL -->
      </class> <!-- selenium_notes.JDBCTest -->
    </test> <!-- Default test -->
  </suite> <!-- Default suite -->
</testng-results>
