<?xml version="1.0" encoding="UTF-8"?>
<testng-results skipped="0" failed="0" ignored="1" total="2" passed="1">
  <reporter-output>
  </reporter-output>
  <suite name="Default suite" duration-ms="29200" started-at="2018-05-02T21:23:09Z" finished-at="2018-05-02T21:23:39Z">
    <groups>
    </groups>
    <test name="Default test" duration-ms="29200" started-at="2018-05-02T21:23:09Z" finished-at="2018-05-02T21:23:39Z">
      <class name="selenium_notes.CaptureScreenshot">
        <test-method status="PASS" signature="startUp()[pri:0, instance:selenium_notes.CaptureScreenshot@6d4b1c02]" name="startUp" is-config="true" duration-ms="11303" started-at="2018-05-02T21:23:09Z" finished-at="2018-05-02T21:23:21Z">
          <reporter-output>
          </reporter-output>
        </test-method> <!-- startUp -->
        <test-method status="PASS" signature="fullPageScreenshot()[pri:0, instance:selenium_notes.CaptureScreenshot@6d4b1c02]" name="fullPageScreenshot" duration-ms="17670" started-at="2018-05-02T21:23:21Z" finished-at="2018-05-02T21:23:38Z">
          <reporter-output>
          </reporter-output>
        </test-method> <!-- fullPageScreenshot -->
        <test-method status="PASS" signature="tearDown()[pri:0, instance:selenium_notes.CaptureScreenshot@6d4b1c02]" name="tearDown" is-config="true" duration-ms="197" started-at="2018-05-02T21:23:38Z" finished-at="2018-05-02T21:23:39Z">
          <reporter-output>
          </reporter-output>
        </test-method> <!-- tearDown -->
      </class> <!-- selenium_notes.CaptureScreenshot -->
    </test> <!-- Default test -->
  </suite> <!-- Default suite -->
</testng-results>
