<?xml version="1.0" encoding="UTF-8"?>
<!-- Generated by org.testng.reporters.JUnitXMLReporter -->
<testsuite hostname="Rustams-MBP.fios-router.home" ignored="1" name="Default test" tests="1" failures="0" timestamp="02 May 2018 21:23:39 GMT" time="29.2" errors="0">
  <testcase name="fullPageScreenshot" time="17.67" classname="selenium_notes.CaptureScreenshot"/>
  <testcase name="captureScreenshot" time="0.0" classname="selenium_notes.CaptureScreenshot">
    <ignored/>
  </testcase> <!-- captureScreenshot -->
</testsuite> <!-- Default test -->
